0 0 0 0 
0 0 1 1 
0 0 1 1 
1 1 1 1 
1 1 1 1 
1 1 2 2 
1 1 2 2 
2 2 2 2 
2 2 2 2 
2 2 3 3 
2 2 3 3 
3 3 3 3 
3 3 3 3 
3 3 4 4 
3 3 4 4 
4 4 4 4 
4 4 4 4 
4 4 5 5 
4 4 5 5 
5 5 5 5 
5 5 5 5 
5 5 6 6 
5 5 6 6 
6 6 6 6 
6 6 6 6 
6 6 7 7 
6 6 7 7 
7 7 7 7 
7 7 7 7 
7 7 0 7 
7 7 0 7 
0 7 0 7 
0 7 0 7 
0 7 1 7 
0 7 1 7 
1 7 1 7 
1 7 1 7 
1 7 2 7 
1 7 2 7 
2 7 2 7 
2 7 2 7 
2 7 3 7 
2 7 3 7 
3 7 3 7 
3 7 3 7 
3 7 4 7 
3 7 4 7 
4 7 4 7 
4 7 4 7 
4 7 5 7 
4 7 5 7 
5 7 5 7 
5 7 5 7 
5 7 6 7 
5 7 6 7 
6 7 6 7 
6 7 6 7 
6 7 7 7 
6 7 7 7 
7 7 7 7 
7 7 7 7 
7 7 7 7 
7 7 7 7 
0 0 0 0 
0 0 0 0 
0 0 1 1 
0 0 1 1 
1 1 1 1 
1 1 1 1 
1 1 2 2 
1 1 2 2 
2 2 2 2 
2 2 2 2 
2 2 3 3 
2 2 3 3 
3 3 3 3 
3 3 3 3 
3 3 4 4 
3 3 4 4 
4 4 4 4 
4 4 4 4 
4 4 5 5 
4 4 5 5 
5 5 5 5 
5 5 5 5 
5 5 6 6 
5 5 6 6 
6 6 6 6 
6 6 6 6 
6 6 7 7 
6 6 7 7 
7 7 7 7 
7 7 7 7 
7 7 0 7 
7 7 0 7 
0 7 0 7 
